<?xml version="1.0" encoding="UTF-8"?>
<testsuite xmlns:xsi="http://www.w3.org/2001/XMLSchema-instance" xsi:noNamespaceSchemaLocation="https://maven.apache.org/surefire/maven-surefire-plugin/xsd/surefire-test-report-3.0.xsd" version="3.0" name="com.sdpm.workitem.AiAnalysisControllerIntegrationTest" time="1.026" tests="3" errors="0" skipped="0" failures="0">
  <properties>
[...]
</properties>
  <testcase name="shouldRejectTriggerWithoutType" classname="com.sdpm.workitem.AiAnalysisControllerIntegrationTest" time="0.041">
    <system-out><![CDATA[2026-06-08 22:46:49.437 [main] INFO  o.s.t.c.s.AnnotationConfigContextLoaderUtils - Could not detect default configuration classes for test class [com.sdpm.workitem.AiAnalysisControllerIntegrationTest]: AiAnalysisControllerIntegrationTest does not declare any static, non-private, non-final, nested classes annotated with @Configuration.
2026-06-08 22:46:49.482 [main] INFO  o.s.b.t.c.SpringBootTestContextBootstrapper - Found @SpringBootConfiguration com.sdpm.workitem.Application for test class com.sdpm.workitem.AiAnalysisControllerIntegrationTest
  .   ____          _            __ _ _
 /\\ / ___'_ __ _ _(_)_ __  __ _ \ \ \ \
( ( )\___ | '_ | '_| | '_ \/ _` | \ \ \ \
 \\/  ___)| |_)| | | | | || (_| |  ) ) ) )
  '  |____| .__|_| |_|_| |_\__, | / / / /
 =========|_|==============|___/=/_/_/_/

 :: Spring Boot ::                (v3.3.0)

2026-06-08 22:46:49.588 [main] INFO  c.s.w.AiAnalysisControllerIntegrationTest - Starting AiAnalysisControllerIntegrationTest using Java 21.0.8 with PID 55390 (started by prafliewen in /Users/prafliewen/Desktop/后端方向/sdpm/backend)
2026-06-08 22:46:49.589 [main] DEBUG c.s.w.AiAnalysisControllerIntegrationTest - Running with Spring Boot v3.3.0, Spring v6.1.8
2026-06-08 22:46:49.589 [main] INFO  c.s.w.AiAnalysisControllerIntegrationTest - The following 1 profile is active: "dev"
2026-06-08 22:46:50.318 [main] INFO  o.s.b.t.m.w.SpringBootMockServletContext - Initializing Spring TestDispatcherServlet ''
2026-06-08 22:46:50.318 [main] INFO  o.s.t.w.s.TestDispatcherServlet - Initializing Servlet ''
2026-06-08 22:46:50.320 [main] INFO  o.s.t.w.s.TestDispatcherServlet - Completed initialization in 2 ms
2026-06-08 22:46:50.340 [main] INFO  c.s.w.AiAnalysisControllerIntegrationTest - Started AiAnalysisControllerIntegrationTest in 0.848 seconds (process running for 10.473)
2026-06-08 22:46:50.379 [main] WARN  c.s.w.config.GlobalExceptionHandler - 参数校验失败: analysisType: must not be blank
]]></system-out>
  </testcase>
  <testcase name="shouldTriggerAnalysis" classname="com.sdpm.workitem.AiAnalysisControllerIntegrationTest" time="0.022"/>
  <testcase name="shouldListAnalyses" classname="com.sdpm.workitem.AiAnalysisControllerIntegrationTest" time="0.026"/>
</testsuite>